2020-04-09 12:52:21.211 DEBUG [main] [stepDefinations.ValidateRegistation] [intialize_the_browser_with_chrome_Driver] [stepDefinations.ValidateRegistation.intialize_the_browser_with_chrome_Driver(ValidateRegistation.java:88)] - setting chrome driver property
2020-04-09 12:52:31.860 INFO [main] [stepDefinations.ValidateRegistation] [intialize_the_browser_with_chrome_Driver] [stepDefinations.ValidateRegistation.intialize_the_browser_with_chrome_Driver(ValidateRegistation.java:90)] - chrome driver intialized successfully
2020-04-09 12:52:31.880 DEBUG [main] [stepDefinations.ValidateRegistation] [user_enters_Navigate_to_Home_page] [stepDefinations.ValidateRegistation.user_enters_Navigate_to_Home_page(ValidateRegistation.java:98)] - hitting the demo web shop website url
2020-04-09 12:52:35.786 INFO [main] [stepDefinations.ValidateRegistation] [user_enters_Navigate_to_Home_page] [stepDefinations.ValidateRegistation.user_enters_Navigate_to_Home_page(ValidateRegistation.java:100)] - landed on the home page
2020-04-09 12:52:35.839 INFO [main] [stepDefinations.ValidateRegistation] [click_on_Register_in_home_page_to_land_on_secure_Registration_page] [stepDefinations.ValidateRegistation.click_on_Register_in_home_page_to_land_on_secure_Registration_page(ValidateRegistation.java:108)] - clicking on register button
2020-04-09 12:52:36.658 INFO [main] [stepDefinations.ValidateRegistation] [click_on_Register_in_home_page_to_land_on_secure_Registration_page] [stepDefinations.ValidateRegistation.click_on_Register_in_home_page_to_land_on_secure_Registration_page(ValidateRegistation.java:110)] - navigated to register page successfully
2020-04-09 12:52:37.927 DEBUG [main] [stepDefinations.ValidateRegistation] [user_enters_registration_details_and_clicks_on_Register] [stepDefinations.ValidateRegistation.user_enters_registration_details_and_clicks_on_Register(ValidateRegistation.java:128)] - entering the registation details
2020-04-09 12:52:40.813 INFO [main] [stepDefinations.ValidateRegistation] [user_enters_registration_details_and_clicks_on_Register] [stepDefinations.ValidateRegistation.user_enters_registration_details_and_clicks_on_Register(ValidateRegistation.java:130)] - the details are submitted successfully
2020-04-09 12:52:40.896 ERROR [main] [stepDefinations.ValidateRegistation] [verify_that_user_is_able_register_or_not] [stepDefinations.ValidateRegistation.verify_that_user_is_able_register_or_not(ValidateRegistation.java:143)] -  the specified email is already exist
2020-04-09 12:52:40.897 DEBUG [main] [stepDefinations.ValidateRegistation] [verify_that_user_is_able_register_or_not] [stepDefinations.ValidateRegistation.verify_that_user_is_able_register_or_not(ValidateRegistation.java:149)] - taking screenshot
2020-04-09 12:52:41.348 INFO [main] [stepDefinations.ValidateRegistation] [verify_that_user_is_able_register_or_not] [stepDefinations.ValidateRegistation.verify_that_user_is_able_register_or_not(ValidateRegistation.java:151)] - the image screen shot taken successfully
2020-04-09 12:52:41.440 INFO [main] [stepDefinations.ValidateRegistation] [application_should_be_closed] [stepDefinations.ValidateRegistation.application_should_be_closed(ValidateRegistation.java:159)] - application closed successfully
2020-04-09 12:52:41.466 DEBUG [main] [stepDefinations.ValidateLogin] [intialize_the_browser_with_chrome] [stepDefinations.ValidateLogin.intialize_the_browser_with_chrome(ValidateLogin.java:69)] - setting chrome driver property
2020-04-09 12:52:51.079 INFO [main] [stepDefinations.ValidateLogin] [intialize_the_browser_with_chrome] [stepDefinations.ValidateLogin.intialize_the_browser_with_chrome(ValidateLogin.java:71)] - chrome driver intialized successfully
2020-04-09 12:52:51.083 DEBUG [main] [stepDefinations.ValidateLogin] [user_enter_navigate_to_Home_Page] [stepDefinations.ValidateLogin.user_enter_navigate_to_Home_Page(ValidateLogin.java:77)] - hitting the demo web shop website url
2020-04-09 12:52:54.363 DEBUG [main] [stepDefinations.ValidateLogin] [click_on_login_in_home_page_to_land_on_secure_sign_in_page] [stepDefinations.ValidateLogin.click_on_login_in_home_page_to_land_on_secure_sign_in_page(ValidateLogin.java:85)] - clickig on login button
2020-04-09 12:52:55.435 INFO [main] [stepDefinations.ValidateLogin] [click_on_login_in_home_page_to_land_on_secure_sign_in_page] [stepDefinations.ValidateLogin.click_on_login_in_home_page_to_land_on_secure_sign_in_page(ValidateLogin.java:87)] - navigated to login page
2020-04-09 12:52:55.453 DEBUG [main] [stepDefinations.ValidateLogin] [user_enters_and_and_login] [stepDefinations.ValidateLogin.user_enters_and_and_login(ValidateLogin.java:93)] - entering the login details
2020-04-09 12:52:57.264 INFO [main] [stepDefinations.ValidateLogin] [user_enters_and_and_login] [stepDefinations.ValidateLogin.user_enters_and_and_login(ValidateLogin.java:97)] - login successfully
2020-04-09 12:52:57.399 DEBUG [main] [stepDefinations.ValidateLogin] [verify_that_user_is_successfully_login_or_not] [stepDefinations.ValidateLogin.verify_that_user_is_successfully_login_or_not(ValidateLogin.java:104)] - taking screenshot
2020-04-09 12:52:57.984 INFO [main] [stepDefinations.ValidateLogin] [verify_that_user_is_successfully_login_or_not] [stepDefinations.ValidateLogin.verify_that_user_is_successfully_login_or_not(ValidateLogin.java:106)] - the image screen shot taken successfully
2020-04-09 12:52:58.068 INFO [main] [stepDefinations.ValidateLogin] [application_should_be_closed] [stepDefinations.ValidateLogin.application_should_be_closed(ValidateLogin.java:113)] - application closed successfully
2020-04-09 12:52:58.086 DEBUG [main] [stepDefinations.ValidateTextAndImage] [intialize_the_browser_with_chrome] [stepDefinations.ValidateTextAndImage.intialize_the_browser_with_chrome(ValidateTextAndImage.java:22)] - setting chrome driver property
2020-04-09 12:53:07.756 INFO [main] [stepDefinations.ValidateTextAndImage] [intialize_the_browser_with_chrome] [stepDefinations.ValidateTextAndImage.intialize_the_browser_with_chrome(ValidateTextAndImage.java:24)] - chrome driver intialized successfully
2020-04-09 12:53:07.764 DEBUG [main] [stepDefinations.ValidateTextAndImage] [user_enter_navigated_to_home_page] [stepDefinations.ValidateTextAndImage.user_enter_navigated_to_home_page(ValidateTextAndImage.java:29)] - hitting the demo web shop website url
2020-04-09 12:53:11.015 INFO [main] [stepDefinations.ValidateTextAndImage] [user_enter_navigated_to_home_page] [stepDefinations.ValidateTextAndImage.user_enter_navigated_to_home_page(ValidateTextAndImage.java:31)] - landed on the home page
2020-04-09 12:53:11.095 DEBUG [main] [stepDefinations.ValidateTextAndImage] [verify_that_user_is_able_to_see_the_Feature_Products_text_is_present_in_the_home_page_or_not] [stepDefinations.ValidateTextAndImage.verify_that_user_is_able_to_see_the_Feature_Products_text_is_present_in_the_home_page_or_not(ValidateTextAndImage.java:38)] - validating specified text
2020-04-09 12:53:11.100 INFO [main] [stepDefinations.ValidateTextAndImage] [verify_that_user_is_able_to_see_the_Feature_Products_text_is_present_in_the_home_page_or_not] [stepDefinations.ValidateTextAndImage.verify_that_user_is_able_to_see_the_Feature_Products_text_is_present_in_the_home_page_or_not(ValidateTextAndImage.java:40)] - the specified text is present
2020-04-09 12:53:11.104 DEBUG [main] [stepDefinations.ValidateTextAndImage] [verify_that_user_is_able_to_see_the_demo_webshop_image_is_present_in_the_home_page_or_not] [stepDefinations.ValidateTextAndImage.verify_that_user_is_able_to_see_the_demo_webshop_image_is_present_in_the_home_page_or_not(ValidateTextAndImage.java:47)] - validating image
2020-04-09 12:53:11.158 INFO [main] [stepDefinations.ValidateTextAndImage] [verify_that_user_is_able_to_see_the_demo_webshop_image_is_present_in_the_home_page_or_not] [stepDefinations.ValidateTextAndImage.verify_that_user_is_able_to_see_the_demo_webshop_image_is_present_in_the_home_page_or_not(ValidateTextAndImage.java:49)] - the specified image is present
2020-04-09 12:53:11.158 DEBUG [main] [stepDefinations.ValidateTextAndImage] [verify_that_user_is_able_to_see_the_demo_webshop_image_is_present_in_the_home_page_or_not] [stepDefinations.ValidateTextAndImage.verify_that_user_is_able_to_see_the_demo_webshop_image_is_present_in_the_home_page_or_not(ValidateTextAndImage.java:50)] - taking screenshot
2020-04-09 12:53:11.627 INFO [main] [stepDefinations.ValidateTextAndImage] [verify_that_user_is_able_to_see_the_demo_webshop_image_is_present_in_the_home_page_or_not] [stepDefinations.ValidateTextAndImage.verify_that_user_is_able_to_see_the_demo_webshop_image_is_present_in_the_home_page_or_not(ValidateTextAndImage.java:52)] - the image screen shot taken successfully
2020-04-09 12:53:11.801 INFO [main] [stepDefinations.ValidateTextAndImage] [application_should_be_closed] [stepDefinations.ValidateTextAndImage.application_should_be_closed(ValidateTextAndImage.java:57)] - application closed successfully
2020-04-09 12:53:11.813 DEBUG [main] [stepDefinations.BookNavigationPages] [intialize_the_browser_with_chrome_driver] [stepDefinations.BookNavigationPages.intialize_the_browser_with_chrome_driver(BookNavigationPages.java:24)] - setting chrome driver property
2020-04-09 12:53:21.498 INFO [main] [stepDefinations.BookNavigationPages] [intialize_the_browser_with_chrome_driver] [stepDefinations.BookNavigationPages.intialize_the_browser_with_chrome_driver(BookNavigationPages.java:26)] - chrome driver intialized successfully
2020-04-09 12:53:21.500 DEBUG [main] [stepDefinations.BookNavigationPages] [user_enters_something_navigated_to_home_page] [stepDefinations.BookNavigationPages.user_enters_something_navigated_to_home_page(BookNavigationPages.java:31)] - hitting the demo web shop website url
2020-04-09 12:53:24.749 INFO [main] [stepDefinations.BookNavigationPages] [user_enters_something_navigated_to_home_page] [stepDefinations.BookNavigationPages.user_enters_something_navigated_to_home_page(BookNavigationPages.java:33)] - landed on the home page
2020-04-09 12:53:24.753 DEBUG [main] [stepDefinations.BookNavigationPages] [user_clicks_on_book_link] [stepDefinations.BookNavigationPages.user_clicks_on_book_link(BookNavigationPages.java:39)] - licking on book button
2020-04-09 12:53:26.331 INFO [main] [stepDefinations.BookNavigationPages] [user_clicks_on_book_link] [stepDefinations.BookNavigationPages.user_clicks_on_book_link(BookNavigationPages.java:41)] - navigated to book page successfully
2020-04-09 12:53:26.341 DEBUG [main] [stepDefinations.BookNavigationPages] [verify_that_user_is_able_to_navigated_to_webshop_book_page_or_not] [stepDefinations.BookNavigationPages.verify_that_user_is_able_to_navigated_to_webshop_book_page_or_not(BookNavigationPages.java:48)] - taking screenshot
2020-04-09 12:53:26.787 INFO [main] [stepDefinations.BookNavigationPages] [verify_that_user_is_able_to_navigated_to_webshop_book_page_or_not] [stepDefinations.BookNavigationPages.verify_that_user_is_able_to_navigated_to_webshop_book_page_or_not(BookNavigationPages.java:50)] - the image screen shot taken successfully
2020-04-09 12:53:26.985 INFO [main] [stepDefinations.BookNavigationPages] [application_should_be_closed] [stepDefinations.BookNavigationPages.application_should_be_closed(BookNavigationPages.java:55)] - application closed successfully
2020-04-09 12:53:26.996 DEBUG [main] [stepDefinations.BookNavigationPages] [intialize_The_browser_with_chrome_driver] [stepDefinations.ValidateSortByFiletr.intialize_The_browser_with_chrome_driver(ValidateSortByFiletr.java:17)] - setting chrome driver property
2020-04-09 12:53:36.547 INFO [main] [stepDefinations.BookNavigationPages] [intialize_The_browser_with_chrome_driver] [stepDefinations.ValidateSortByFiletr.intialize_The_browser_with_chrome_driver(ValidateSortByFiletr.java:19)] - chrome driver intialized successfully
2020-04-09 12:53:36.549 DEBUG [main] [stepDefinations.BookNavigationPages] [user_Enters_navigated_to_home_page] [stepDefinations.ValidateSortByFiletr.user_Enters_navigated_to_home_page(ValidateSortByFiletr.java:24)] - hitting the demo web shop website url
2020-04-09 12:53:40.412 INFO [main] [stepDefinations.BookNavigationPages] [user_Enters_navigated_to_home_page] [stepDefinations.ValidateSortByFiletr.user_Enters_navigated_to_home_page(ValidateSortByFiletr.java:26)] - landed on the home page
2020-04-09 12:53:40.419 DEBUG [main] [stepDefinations.BookNavigationPages] [user_clicks_on_digital_link] [stepDefinations.ValidateSortByFiletr.user_clicks_on_digital_link(ValidateSortByFiletr.java:33)] - licking on book button
2020-04-09 12:53:41.622 INFO [main] [stepDefinations.BookNavigationPages] [user_clicks_on_digital_link] [stepDefinations.ValidateSortByFiletr.user_clicks_on_digital_link(ValidateSortByFiletr.java:35)] - navigated to book page successfully
2020-04-09 12:53:41.635 DEBUG [main] [stepDefinations.BookNavigationPages] [selecting_low_to_high_price_filter_in_Sort_By_drop_down] [stepDefinations.ValidateSortByFiletr.selecting_low_to_high_price_filter_in_Sort_By_drop_down(ValidateSortByFiletr.java:41)] - selecting low to high price filter in sort by drop down
2020-04-09 12:53:42.733 INFO [main] [stepDefinations.BookNavigationPages] [selecting_low_to_high_price_filter_in_Sort_By_drop_down] [stepDefinations.ValidateSortByFiletr.selecting_low_to_high_price_filter_in_Sort_By_drop_down(ValidateSortByFiletr.java:43)] - the low to high price filter have been selected successfully
2020-04-09 12:53:42.770 DEBUG [main] [stepDefinations.BookNavigationPages] [veryfy_that_the_displayed_products_in_low_to_high_price_or_not] [stepDefinations.ValidateSortByFiletr.veryfy_that_the_displayed_products_in_low_to_high_price_or_not(ValidateSortByFiletr.java:51)] - now validating the  price filter
2020-04-09 12:53:42.773 INFO [main] [stepDefinations.BookNavigationPages] [veryfy_that_the_displayed_products_in_low_to_high_price_or_not] [stepDefinations.ValidateSortByFiletr.veryfy_that_the_displayed_products_in_low_to_high_price_or_not(ValidateSortByFiletr.java:54)] - the products are displyed in low to high price
2020-04-09 12:53:43.028 INFO [main] [stepDefinations.BookNavigationPages] [application_Should_Be_Closed] [stepDefinations.ValidateSortByFiletr.application_Should_Be_Closed(ValidateSortByFiletr.java:65)] - application closed successfully
2020-04-09 13:10:00.215 DEBUG [main] [stepDefinations.ValidateRegistation] [intialize_the_browser_with_chrome_Driver] [stepDefinations.ValidateRegistation.intialize_the_browser_with_chrome_Driver(ValidateRegistation.java:22)] - setting chrome driver property
2020-04-09 13:10:10.756 INFO [main] [stepDefinations.ValidateRegistation] [intialize_the_browser_with_chrome_Driver] [stepDefinations.ValidateRegistation.intialize_the_browser_with_chrome_Driver(ValidateRegistation.java:24)] - chrome driver intialized successfully
2020-04-09 13:10:10.785 DEBUG [main] [stepDefinations.ValidateRegistation] [user_enters_Navigate_to_Home_page] [stepDefinations.ValidateRegistation.user_enters_Navigate_to_Home_page(ValidateRegistation.java:30)] - hitting the demo web shop website url
2020-04-09 13:10:13.660 INFO [main] [stepDefinations.ValidateRegistation] [user_enters_Navigate_to_Home_page] [stepDefinations.ValidateRegistation.user_enters_Navigate_to_Home_page(ValidateRegistation.java:32)] - landed on the home page
2020-04-09 13:10:13.717 INFO [main] [stepDefinations.ValidateRegistation] [click_on_Register_in_home_page_to_land_on_secure_Registration_page] [stepDefinations.ValidateRegistation.click_on_Register_in_home_page_to_land_on_secure_Registration_page(ValidateRegistation.java:39)] - clicking on register button
2020-04-09 13:10:14.520 INFO [main] [stepDefinations.ValidateRegistation] [click_on_Register_in_home_page_to_land_on_secure_Registration_page] [stepDefinations.ValidateRegistation.click_on_Register_in_home_page_to_land_on_secure_Registration_page(ValidateRegistation.java:41)] - navigated to register page successfully
2020-04-09 13:10:15.734 DEBUG [main] [stepDefinations.ValidateRegistation] [user_enters_registration_details_and_clicks_on_Register] [stepDefinations.ValidateRegistation.user_enters_registration_details_and_clicks_on_Register(ValidateRegistation.java:56)] - entering the registation details
2020-04-09 13:10:18.125 INFO [main] [stepDefinations.ValidateRegistation] [user_enters_registration_details_and_clicks_on_Register] [stepDefinations.ValidateRegistation.user_enters_registration_details_and_clicks_on_Register(ValidateRegistation.java:58)] - the details are submitted successfully
2020-04-09 13:10:18.215 ERROR [main] [stepDefinations.ValidateRegistation] [verify_that_user_is_able_register_or_not] [stepDefinations.ValidateRegistation.verify_that_user_is_able_register_or_not(ValidateRegistation.java:68)] -  the specified email is already exist
2020-04-09 13:10:18.215 DEBUG [main] [stepDefinations.ValidateRegistation] [verify_that_user_is_able_register_or_not] [stepDefinations.ValidateRegistation.verify_that_user_is_able_register_or_not(ValidateRegistation.java:72)] - taking screenshot
2020-04-09 13:10:18.654 INFO [main] [stepDefinations.ValidateRegistation] [verify_that_user_is_able_register_or_not] [stepDefinations.ValidateRegistation.verify_that_user_is_able_register_or_not(ValidateRegistation.java:74)] - the image screen shot taken successfully
2020-04-09 13:10:18.757 INFO [main] [stepDefinations.ValidateRegistation] [application_should_be_closed] [stepDefinations.ValidateRegistation.application_should_be_closed(ValidateRegistation.java:81)] - application closed successfully
2020-04-09 13:10:18.783 DEBUG [main] [stepDefinations.ValidateLogin] [intialize_the_browser_with_chrome] [stepDefinations.ValidateLogin.intialize_the_browser_with_chrome(ValidateLogin.java:24)] - setting chrome driver property
2020-04-09 13:10:28.537 INFO [main] [stepDefinations.ValidateLogin] [intialize_the_browser_with_chrome] [stepDefinations.ValidateLogin.intialize_the_browser_with_chrome(ValidateLogin.java:26)] - chrome driver intialized successfully
2020-04-09 13:10:28.540 DEBUG [main] [stepDefinations.ValidateLogin] [user_enter_navigate_to_Home_Page] [stepDefinations.ValidateLogin.user_enter_navigate_to_Home_Page(ValidateLogin.java:32)] - hitting the demo web shop website url
2020-04-09 13:10:31.250 DEBUG [main] [stepDefinations.ValidateLogin] [click_on_login_in_home_page_to_land_on_secure_sign_in_page] [stepDefinations.ValidateLogin.click_on_login_in_home_page_to_land_on_secure_sign_in_page(ValidateLogin.java:40)] - clickig on login button
2020-04-09 13:10:32.001 INFO [main] [stepDefinations.ValidateLogin] [click_on_login_in_home_page_to_land_on_secure_sign_in_page] [stepDefinations.ValidateLogin.click_on_login_in_home_page_to_land_on_secure_sign_in_page(ValidateLogin.java:42)] - navigated to login page
2020-04-09 13:10:32.009 DEBUG [main] [stepDefinations.ValidateLogin] [user_enters_and_and_login] [stepDefinations.ValidateLogin.user_enters_and_and_login(ValidateLogin.java:48)] - entering the login details
2020-04-09 13:10:33.490 INFO [main] [stepDefinations.ValidateLogin] [user_enters_and_and_login] [stepDefinations.ValidateLogin.user_enters_and_and_login(ValidateLogin.java:52)] - login successfully
2020-04-09 13:10:33.665 DEBUG [main] [stepDefinations.ValidateLogin] [verify_that_user_is_successfully_login_or_not] [stepDefinations.ValidateLogin.verify_that_user_is_successfully_login_or_not(ValidateLogin.java:59)] - taking screenshot
2020-04-09 13:10:34.147 INFO [main] [stepDefinations.ValidateLogin] [verify_that_user_is_successfully_login_or_not] [stepDefinations.ValidateLogin.verify_that_user_is_successfully_login_or_not(ValidateLogin.java:61)] - the image screen shot taken successfully
2020-04-09 13:10:34.282 INFO [main] [stepDefinations.ValidateLogin] [application_should_be_closed] [stepDefinations.ValidateLogin.application_should_be_closed(ValidateLogin.java:68)] - application closed successfully
2020-04-09 13:10:34.291 DEBUG [main] [stepDefinations.ValidateTextAndImage] [intialize_the_browser_with_chrome] [stepDefinations.ValidateTextAndImage.intialize_the_browser_with_chrome(ValidateTextAndImage.java:23)] - setting chrome driver property
2020-04-09 13:10:43.988 INFO [main] [stepDefinations.ValidateTextAndImage] [intialize_the_browser_with_chrome] [stepDefinations.ValidateTextAndImage.intialize_the_browser_with_chrome(ValidateTextAndImage.java:25)] - chrome driver intialized successfully
2020-04-09 13:10:43.991 DEBUG [main] [stepDefinations.ValidateTextAndImage] [user_enter_navigated_to_home_page] [stepDefinations.ValidateTextAndImage.user_enter_navigated_to_home_page(ValidateTextAndImage.java:30)] - hitting the demo web shop website url
2020-04-09 13:10:48.203 INFO [main] [stepDefinations.ValidateTextAndImage] [user_enter_navigated_to_home_page] [stepDefinations.ValidateTextAndImage.user_enter_navigated_to_home_page(ValidateTextAndImage.java:32)] - landed on the home page
2020-04-09 13:10:48.292 DEBUG [main] [stepDefinations.ValidateTextAndImage] [verify_that_user_is_able_to_see_the_Feature_Products_text_is_present_in_the_home_page_or_not] [stepDefinations.ValidateTextAndImage.verify_that_user_is_able_to_see_the_Feature_Products_text_is_present_in_the_home_page_or_not(ValidateTextAndImage.java:40)] - validating specified text
2020-04-09 13:10:48.298 INFO [main] [stepDefinations.ValidateTextAndImage] [verify_that_user_is_able_to_see_the_Feature_Products_text_is_present_in_the_home_page_or_not] [stepDefinations.ValidateTextAndImage.verify_that_user_is_able_to_see_the_Feature_Products_text_is_present_in_the_home_page_or_not(ValidateTextAndImage.java:42)] - the specified text is present
2020-04-09 13:10:48.300 DEBUG [main] [stepDefinations.ValidateTextAndImage] [verify_that_user_is_able_to_see_the_demo_webshop_image_is_present_in_the_home_page_or_not] [stepDefinations.ValidateTextAndImage.verify_that_user_is_able_to_see_the_demo_webshop_image_is_present_in_the_home_page_or_not(ValidateTextAndImage.java:49)] - validating image
2020-04-09 13:10:48.373 INFO [main] [stepDefinations.ValidateTextAndImage] [verify_that_user_is_able_to_see_the_demo_webshop_image_is_present_in_the_home_page_or_not] [stepDefinations.ValidateTextAndImage.verify_that_user_is_able_to_see_the_demo_webshop_image_is_present_in_the_home_page_or_not(ValidateTextAndImage.java:51)] - the specified image is present
2020-04-09 13:10:48.373 DEBUG [main] [stepDefinations.ValidateTextAndImage] [verify_that_user_is_able_to_see_the_demo_webshop_image_is_present_in_the_home_page_or_not] [stepDefinations.ValidateTextAndImage.verify_that_user_is_able_to_see_the_demo_webshop_image_is_present_in_the_home_page_or_not(ValidateTextAndImage.java:52)] - taking screenshot
2020-04-09 13:10:48.917 INFO [main] [stepDefinations.ValidateTextAndImage] [verify_that_user_is_able_to_see_the_demo_webshop_image_is_present_in_the_home_page_or_not] [stepDefinations.ValidateTextAndImage.verify_that_user_is_able_to_see_the_demo_webshop_image_is_present_in_the_home_page_or_not(ValidateTextAndImage.java:54)] - the image screen shot taken successfully
2020-04-09 13:10:49.017 INFO [main] [stepDefinations.ValidateTextAndImage] [application_should_be_closed] [stepDefinations.ValidateTextAndImage.application_should_be_closed(ValidateTextAndImage.java:60)] - application closed successfully
2020-04-09 13:10:49.037 DEBUG [main] [stepDefinations.BookNavigationPages] [intialize_the_browser_with_chrome_driver] [stepDefinations.BookNavigationPages.intialize_the_browser_with_chrome_driver(BookNavigationPages.java:22)] - setting chrome driver property
2020-04-09 13:10:58.672 INFO [main] [stepDefinations.BookNavigationPages] [intialize_the_browser_with_chrome_driver] [stepDefinations.BookNavigationPages.intialize_the_browser_with_chrome_driver(BookNavigationPages.java:24)] - chrome driver intialized successfully
2020-04-09 13:10:58.675 DEBUG [main] [stepDefinations.BookNavigationPages] [user_enters_something_navigated_to_home_page] [stepDefinations.BookNavigationPages.user_enters_something_navigated_to_home_page(BookNavigationPages.java:29)] - hitting the demo web shop website url
2020-04-09 13:11:02.355 INFO [main] [stepDefinations.BookNavigationPages] [user_enters_something_navigated_to_home_page] [stepDefinations.BookNavigationPages.user_enters_something_navigated_to_home_page(BookNavigationPages.java:31)] - landed on the home page
2020-04-09 13:11:02.358 DEBUG [main] [stepDefinations.BookNavigationPages] [user_clicks_on_book_link] [stepDefinations.BookNavigationPages.user_clicks_on_book_link(BookNavigationPages.java:37)] - licking on book button
2020-04-09 13:11:03.398 INFO [main] [stepDefinations.BookNavigationPages] [user_clicks_on_book_link] [stepDefinations.BookNavigationPages.user_clicks_on_book_link(BookNavigationPages.java:39)] - navigated to book page successfully
2020-04-09 13:11:03.412 DEBUG [main] [stepDefinations.BookNavigationPages] [verify_that_user_is_able_to_navigated_to_webshop_book_page_or_not] [stepDefinations.BookNavigationPages.verify_that_user_is_able_to_navigated_to_webshop_book_page_or_not(BookNavigationPages.java:46)] - taking screenshot
2020-04-09 13:11:03.892 INFO [main] [stepDefinations.BookNavigationPages] [verify_that_user_is_able_to_navigated_to_webshop_book_page_or_not] [stepDefinations.BookNavigationPages.verify_that_user_is_able_to_navigated_to_webshop_book_page_or_not(BookNavigationPages.java:48)] - the image screen shot taken successfully
2020-04-09 13:11:04.002 INFO [main] [stepDefinations.BookNavigationPages] [application_should_be_closed] [stepDefinations.BookNavigationPages.application_should_be_closed(BookNavigationPages.java:53)] - application closed successfully
2020-04-09 13:11:04.007 DEBUG [main] [stepDefinations.BookNavigationPages] [intialize_The_browser_with_chrome_driver] [stepDefinations.ValidateSortByFiletr.intialize_The_browser_with_chrome_driver(ValidateSortByFiletr.java:17)] - setting chrome driver property
2020-04-09 13:11:13.604 INFO [main] [stepDefinations.BookNavigationPages] [intialize_The_browser_with_chrome_driver] [stepDefinations.ValidateSortByFiletr.intialize_The_browser_with_chrome_driver(ValidateSortByFiletr.java:19)] - chrome driver intialized successfully
2020-04-09 13:11:13.613 DEBUG [main] [stepDefinations.BookNavigationPages] [user_Enters_navigated_to_home_page] [stepDefinations.ValidateSortByFiletr.user_Enters_navigated_to_home_page(ValidateSortByFiletr.java:24)] - hitting the demo web shop website url
2020-04-09 13:11:16.955 INFO [main] [stepDefinations.BookNavigationPages] [user_Enters_navigated_to_home_page] [stepDefinations.ValidateSortByFiletr.user_Enters_navigated_to_home_page(ValidateSortByFiletr.java:26)] - landed on the home page
2020-04-09 13:11:16.963 DEBUG [main] [stepDefinations.BookNavigationPages] [user_clicks_on_digital_link] [stepDefinations.ValidateSortByFiletr.user_clicks_on_digital_link(ValidateSortByFiletr.java:33)] - licking on book button
2020-04-09 13:11:17.941 INFO [main] [stepDefinations.BookNavigationPages] [user_clicks_on_digital_link] [stepDefinations.ValidateSortByFiletr.user_clicks_on_digital_link(ValidateSortByFiletr.java:35)] - navigated to book page successfully
2020-04-09 13:11:17.943 DEBUG [main] [stepDefinations.BookNavigationPages] [selecting_low_to_high_price_filter_in_Sort_By_drop_down] [stepDefinations.ValidateSortByFiletr.selecting_low_to_high_price_filter_in_Sort_By_drop_down(ValidateSortByFiletr.java:41)] - selecting low to high price filter in sort by drop down
2020-04-09 13:11:18.810 INFO [main] [stepDefinations.BookNavigationPages] [selecting_low_to_high_price_filter_in_Sort_By_drop_down] [stepDefinations.ValidateSortByFiletr.selecting_low_to_high_price_filter_in_Sort_By_drop_down(ValidateSortByFiletr.java:43)] - the low to high price filter have been selected successfully
2020-04-09 13:11:18.875 DEBUG [main] [stepDefinations.BookNavigationPages] [veryfy_that_the_displayed_products_in_low_to_high_price_or_not] [stepDefinations.ValidateSortByFiletr.veryfy_that_the_displayed_products_in_low_to_high_price_or_not(ValidateSortByFiletr.java:52)] - now validating the  price filter
2020-04-09 13:11:18.876 ERROR [main] [stepDefinations.BookNavigationPages] [veryfy_that_the_displayed_products_in_low_to_high_price_or_not] [stepDefinations.ValidateSortByFiletr.veryfy_that_the_displayed_products_in_low_to_high_price_or_not(ValidateSortByFiletr.java:56)] - the products are not displaying in low to high price
2020-04-09 13:11:18.993 INFO [main] [stepDefinations.BookNavigationPages] [application_Should_Be_Closed] [stepDefinations.ValidateSortByFiletr.application_Should_Be_Closed(ValidateSortByFiletr.java:64)] - application closed successfully
2020-04-09 13:12:37.142 DEBUG [main] [stepDefinations.ValidateRegistation] [intialize_the_browser_with_chrome_Driver] [stepDefinations.ValidateRegistation.intialize_the_browser_with_chrome_Driver(ValidateRegistation.java:22)] - setting chrome driver property
2020-04-09 13:12:47.584 INFO [main] [stepDefinations.ValidateRegistation] [intialize_the_browser_with_chrome_Driver] [stepDefinations.ValidateRegistation.intialize_the_browser_with_chrome_Driver(ValidateRegistation.java:24)] - chrome driver intialized successfully
2020-04-09 13:12:47.609 DEBUG [main] [stepDefinations.ValidateRegistation] [user_enters_Navigate_to_Home_page] [stepDefinations.ValidateRegistation.user_enters_Navigate_to_Home_page(ValidateRegistation.java:30)] - hitting the demo web shop website url
2020-04-09 13:12:51.022 INFO [main] [stepDefinations.ValidateRegistation] [user_enters_Navigate_to_Home_page] [stepDefinations.ValidateRegistation.user_enters_Navigate_to_Home_page(ValidateRegistation.java:32)] - landed on the home page
2020-04-09 13:12:51.080 INFO [main] [stepDefinations.ValidateRegistation] [click_on_Register_in_home_page_to_land_on_secure_Registration_page] [stepDefinations.ValidateRegistation.click_on_Register_in_home_page_to_land_on_secure_Registration_page(ValidateRegistation.java:39)] - clicking on register button
2020-04-09 13:12:51.888 INFO [main] [stepDefinations.ValidateRegistation] [click_on_Register_in_home_page_to_land_on_secure_Registration_page] [stepDefinations.ValidateRegistation.click_on_Register_in_home_page_to_land_on_secure_Registration_page(ValidateRegistation.java:41)] - navigated to register page successfully
2020-04-09 13:12:53.041 DEBUG [main] [stepDefinations.ValidateRegistation] [user_enters_registration_details_and_clicks_on_Register] [stepDefinations.ValidateRegistation.user_enters_registration_details_and_clicks_on_Register(ValidateRegistation.java:56)] - entering the registation details
2020-04-09 13:12:55.369 INFO [main] [stepDefinations.ValidateRegistation] [user_enters_registration_details_and_clicks_on_Register] [stepDefinations.ValidateRegistation.user_enters_registration_details_and_clicks_on_Register(ValidateRegistation.java:58)] - the details are submitted successfully
2020-04-09 13:12:55.430 ERROR [main] [stepDefinations.ValidateRegistation] [verify_that_user_is_able_register_or_not] [stepDefinations.ValidateRegistation.verify_that_user_is_able_register_or_not(ValidateRegistation.java:68)] -  the specified email is already exist
2020-04-09 13:12:55.431 DEBUG [main] [stepDefinations.ValidateRegistation] [verify_that_user_is_able_register_or_not] [stepDefinations.ValidateRegistation.verify_that_user_is_able_register_or_not(ValidateRegistation.java:72)] - taking screenshot
2020-04-09 13:12:55.866 INFO [main] [stepDefinations.ValidateRegistation] [verify_that_user_is_able_register_or_not] [stepDefinations.ValidateRegistation.verify_that_user_is_able_register_or_not(ValidateRegistation.java:74)] - the image screen shot taken successfully
2020-04-09 13:12:55.982 INFO [main] [stepDefinations.ValidateRegistation] [application_should_be_closed] [stepDefinations.ValidateRegistation.application_should_be_closed(ValidateRegistation.java:81)] - application closed successfully
2020-04-09 13:12:56.002 DEBUG [main] [stepDefinations.ValidateLogin] [intialize_the_browser_with_chrome] [stepDefinations.ValidateLogin.intialize_the_browser_with_chrome(ValidateLogin.java:24)] - setting chrome driver property
2020-04-09 13:13:05.516 INFO [main] [stepDefinations.ValidateLogin] [intialize_the_browser_with_chrome] [stepDefinations.ValidateLogin.intialize_the_browser_with_chrome(ValidateLogin.java:26)] - chrome driver intialized successfully
2020-04-09 13:13:05.519 DEBUG [main] [stepDefinations.ValidateLogin] [user_enter_navigate_to_Home_Page] [stepDefinations.ValidateLogin.user_enter_navigate_to_Home_Page(ValidateLogin.java:32)] - hitting the demo web shop website url
2020-04-09 13:13:08.318 DEBUG [main] [stepDefinations.ValidateLogin] [click_on_login_in_home_page_to_land_on_secure_sign_in_page] [stepDefinations.ValidateLogin.click_on_login_in_home_page_to_land_on_secure_sign_in_page(ValidateLogin.java:40)] - clickig on login button
2020-04-09 13:13:09.225 INFO [main] [stepDefinations.ValidateLogin] [click_on_login_in_home_page_to_land_on_secure_sign_in_page] [stepDefinations.ValidateLogin.click_on_login_in_home_page_to_land_on_secure_sign_in_page(ValidateLogin.java:42)] - navigated to login page
2020-04-09 13:13:09.232 DEBUG [main] [stepDefinations.ValidateLogin] [user_enters_and_and_login] [stepDefinations.ValidateLogin.user_enters_and_and_login(ValidateLogin.java:48)] - entering the login details
2020-04-09 13:13:11.015 INFO [main] [stepDefinations.ValidateLogin] [user_enters_and_and_login] [stepDefinations.ValidateLogin.user_enters_and_and_login(ValidateLogin.java:52)] - login successfully
2020-04-09 13:13:11.159 DEBUG [main] [stepDefinations.ValidateLogin] [verify_that_user_is_successfully_login_or_not] [stepDefinations.ValidateLogin.verify_that_user_is_successfully_login_or_not(ValidateLogin.java:59)] - taking screenshot
2020-04-09 13:13:11.604 INFO [main] [stepDefinations.ValidateLogin] [verify_that_user_is_successfully_login_or_not] [stepDefinations.ValidateLogin.verify_that_user_is_successfully_login_or_not(ValidateLogin.java:61)] - the image screen shot taken successfully
2020-04-09 13:13:11.692 INFO [main] [stepDefinations.ValidateLogin] [application_should_be_closed] [stepDefinations.ValidateLogin.application_should_be_closed(ValidateLogin.java:68)] - application closed successfully
2020-04-09 13:13:11.702 DEBUG [main] [stepDefinations.ValidateTextAndImage] [intialize_the_browser_with_chrome] [stepDefinations.ValidateTextAndImage.intialize_the_browser_with_chrome(ValidateTextAndImage.java:23)] - setting chrome driver property
2020-04-09 13:13:21.319 INFO [main] [stepDefinations.ValidateTextAndImage] [intialize_the_browser_with_chrome] [stepDefinations.ValidateTextAndImage.intialize_the_browser_with_chrome(ValidateTextAndImage.java:25)] - chrome driver intialized successfully
2020-04-09 13:13:21.321 DEBUG [main] [stepDefinations.ValidateTextAndImage] [user_enter_navigated_to_home_page] [stepDefinations.ValidateTextAndImage.user_enter_navigated_to_home_page(ValidateTextAndImage.java:30)] - hitting the demo web shop website url
2020-04-09 13:13:23.710 INFO [main] [stepDefinations.ValidateTextAndImage] [user_enter_navigated_to_home_page] [stepDefinations.ValidateTextAndImage.user_enter_navigated_to_home_page(ValidateTextAndImage.java:32)] - landed on the home page
2020-04-09 13:13:23.797 DEBUG [main] [stepDefinations.ValidateTextAndImage] [verify_that_user_is_able_to_see_the_Feature_Products_text_is_present_in_the_home_page_or_not] [stepDefinations.ValidateTextAndImage.verify_that_user_is_able_to_see_the_Feature_Products_text_is_present_in_the_home_page_or_not(ValidateTextAndImage.java:40)] - validating specified text
2020-04-09 13:13:23.801 INFO [main] [stepDefinations.ValidateTextAndImage] [verify_that_user_is_able_to_see_the_Feature_Products_text_is_present_in_the_home_page_or_not] [stepDefinations.ValidateTextAndImage.verify_that_user_is_able_to_see_the_Feature_Products_text_is_present_in_the_home_page_or_not(ValidateTextAndImage.java:42)] - the specified text is present
2020-04-09 13:13:23.803 DEBUG [main] [stepDefinations.ValidateTextAndImage] [verify_that_user_is_able_to_see_the_demo_webshop_image_is_present_in_the_home_page_or_not] [stepDefinations.ValidateTextAndImage.verify_that_user_is_able_to_see_the_demo_webshop_image_is_present_in_the_home_page_or_not(ValidateTextAndImage.java:49)] - validating image
2020-04-09 13:13:23.892 INFO [main] [stepDefinations.ValidateTextAndImage] [verify_that_user_is_able_to_see_the_demo_webshop_image_is_present_in_the_home_page_or_not] [stepDefinations.ValidateTextAndImage.verify_that_user_is_able_to_see_the_demo_webshop_image_is_present_in_the_home_page_or_not(ValidateTextAndImage.java:51)] - the specified image is present
2020-04-09 13:13:23.892 DEBUG [main] [stepDefinations.ValidateTextAndImage] [verify_that_user_is_able_to_see_the_demo_webshop_image_is_present_in_the_home_page_or_not] [stepDefinations.ValidateTextAndImage.verify_that_user_is_able_to_see_the_demo_webshop_image_is_present_in_the_home_page_or_not(ValidateTextAndImage.java:52)] - taking screenshot
2020-04-09 13:13:24.377 INFO [main] [stepDefinations.ValidateTextAndImage] [verify_that_user_is_able_to_see_the_demo_webshop_image_is_present_in_the_home_page_or_not] [stepDefinations.ValidateTextAndImage.verify_that_user_is_able_to_see_the_demo_webshop_image_is_present_in_the_home_page_or_not(ValidateTextAndImage.java:54)] - the image screen shot taken successfully
2020-04-09 13:13:24.452 INFO [main] [stepDefinations.ValidateTextAndImage] [application_should_be_closed] [stepDefinations.ValidateTextAndImage.application_should_be_closed(ValidateTextAndImage.java:60)] - application closed successfully
2020-04-09 13:13:24.459 DEBUG [main] [stepDefinations.BookNavigationPages] [intialize_the_browser_with_chrome_driver] [stepDefinations.BookNavigationPages.intialize_the_browser_with_chrome_driver(BookNavigationPages.java:22)] - setting chrome driver property
2020-04-09 13:13:34.129 INFO [main] [stepDefinations.BookNavigationPages] [intialize_the_browser_with_chrome_driver] [stepDefinations.BookNavigationPages.intialize_the_browser_with_chrome_driver(BookNavigationPages.java:24)] - chrome driver intialized successfully
2020-04-09 13:13:34.132 DEBUG [main] [stepDefinations.BookNavigationPages] [user_enters_something_navigated_to_home_page] [stepDefinations.BookNavigationPages.user_enters_something_navigated_to_home_page(BookNavigationPages.java:29)] - hitting the demo web shop website url
2020-04-09 13:13:38.890 INFO [main] [stepDefinations.BookNavigationPages] [user_enters_something_navigated_to_home_page] [stepDefinations.BookNavigationPages.user_enters_something_navigated_to_home_page(BookNavigationPages.java:31)] - landed on the home page
2020-04-09 13:13:38.894 DEBUG [main] [stepDefinations.BookNavigationPages] [user_clicks_on_book_link] [stepDefinations.BookNavigationPages.user_clicks_on_book_link(BookNavigationPages.java:37)] - licking on book button
2020-04-09 13:13:39.933 INFO [main] [stepDefinations.BookNavigationPages] [user_clicks_on_book_link] [stepDefinations.BookNavigationPages.user_clicks_on_book_link(BookNavigationPages.java:39)] - navigated to book page successfully
2020-04-09 13:13:39.944 DEBUG [main] [stepDefinations.BookNavigationPages] [verify_that_user_is_able_to_navigated_to_webshop_book_page_or_not] [stepDefinations.BookNavigationPages.verify_that_user_is_able_to_navigated_to_webshop_book_page_or_not(BookNavigationPages.java:46)] - taking screenshot
2020-04-09 13:13:40.422 INFO [main] [stepDefinations.BookNavigationPages] [verify_that_user_is_able_to_navigated_to_webshop_book_page_or_not] [stepDefinations.BookNavigationPages.verify_that_user_is_able_to_navigated_to_webshop_book_page_or_not(BookNavigationPages.java:48)] - the image screen shot taken successfully
2020-04-09 13:13:40.535 INFO [main] [stepDefinations.BookNavigationPages] [application_should_be_closed] [stepDefinations.BookNavigationPages.application_should_be_closed(BookNavigationPages.java:53)] - application closed successfully
2020-04-09 13:13:40.541 DEBUG [main] [stepDefinations.BookNavigationPages] [intialize_The_browser_with_chrome_driver] [stepDefinations.ValidateSortByFiletr.intialize_The_browser_with_chrome_driver(ValidateSortByFiletr.java:17)] - setting chrome driver property
2020-04-09 13:13:50.222 INFO [main] [stepDefinations.BookNavigationPages] [intialize_The_browser_with_chrome_driver] [stepDefinations.ValidateSortByFiletr.intialize_The_browser_with_chrome_driver(ValidateSortByFiletr.java:19)] - chrome driver intialized successfully
2020-04-09 13:13:50.224 DEBUG [main] [stepDefinations.BookNavigationPages] [user_Enters_navigated_to_home_page] [stepDefinations.ValidateSortByFiletr.user_Enters_navigated_to_home_page(ValidateSortByFiletr.java:24)] - hitting the demo web shop website url
2020-04-09 13:13:54.363 INFO [main] [stepDefinations.BookNavigationPages] [user_Enters_navigated_to_home_page] [stepDefinations.ValidateSortByFiletr.user_Enters_navigated_to_home_page(ValidateSortByFiletr.java:26)] - landed on the home page
2020-04-09 13:13:54.368 DEBUG [main] [stepDefinations.BookNavigationPages] [user_clicks_on_digital_link] [stepDefinations.ValidateSortByFiletr.user_clicks_on_digital_link(ValidateSortByFiletr.java:33)] - licking on book button
2020-04-09 13:13:55.366 INFO [main] [stepDefinations.BookNavigationPages] [user_clicks_on_digital_link] [stepDefinations.ValidateSortByFiletr.user_clicks_on_digital_link(ValidateSortByFiletr.java:35)] - navigated to book page successfully
2020-04-09 13:13:55.371 DEBUG [main] [stepDefinations.BookNavigationPages] [selecting_low_to_high_price_filter_in_Sort_By_drop_down] [stepDefinations.ValidateSortByFiletr.selecting_low_to_high_price_filter_in_Sort_By_drop_down(ValidateSortByFiletr.java:41)] - selecting low to high price filter in sort by drop down
2020-04-09 13:13:56.330 INFO [main] [stepDefinations.BookNavigationPages] [selecting_low_to_high_price_filter_in_Sort_By_drop_down] [stepDefinations.ValidateSortByFiletr.selecting_low_to_high_price_filter_in_Sort_By_drop_down(ValidateSortByFiletr.java:43)] - the low to high price filter have been selected successfully
2020-04-09 13:13:56.413 DEBUG [main] [stepDefinations.BookNavigationPages] [veryfy_that_the_displayed_products_in_low_to_high_price_or_not] [stepDefinations.ValidateSortByFiletr.veryfy_that_the_displayed_products_in_low_to_high_price_or_not(ValidateSortByFiletr.java:53)] - now validating the  price filter
2020-04-09 13:13:56.414 ERROR [main] [stepDefinations.BookNavigationPages] [veryfy_that_the_displayed_products_in_low_to_high_price_or_not] [stepDefinations.ValidateSortByFiletr.veryfy_that_the_displayed_products_in_low_to_high_price_or_not(ValidateSortByFiletr.java:57)] - the products are not displaying in low to high price
2020-04-09 13:13:56.524 INFO [main] [stepDefinations.BookNavigationPages] [application_Should_Be_Closed] [stepDefinations.ValidateSortByFiletr.application_Should_Be_Closed(ValidateSortByFiletr.java:65)] - application closed successfully
2020-04-09 13:23:40.247 DEBUG [main] [stepDefinations.ValidateRegistation] [intialize_the_browser_with_chrome_Driver] [stepDefinations.ValidateRegistation.intialize_the_browser_with_chrome_Driver(ValidateRegistation.java:22)] - setting chrome driver property
2020-04-09 13:23:50.809 INFO [main] [stepDefinations.ValidateRegistation] [intialize_the_browser_with_chrome_Driver] [stepDefinations.ValidateRegistation.intialize_the_browser_with_chrome_Driver(ValidateRegistation.java:24)] - chrome driver intialized successfully
2020-04-09 13:23:50.827 DEBUG [main] [stepDefinations.ValidateRegistation] [user_enters_Navigate_to_Home_page] [stepDefinations.ValidateRegistation.user_enters_Navigate_to_Home_page(ValidateRegistation.java:30)] - hitting the demo web shop website url
2020-04-09 13:23:53.859 INFO [main] [stepDefinations.ValidateRegistation] [user_enters_Navigate_to_Home_page] [stepDefinations.ValidateRegistation.user_enters_Navigate_to_Home_page(ValidateRegistation.java:32)] - landed on the home page
2020-04-09 13:23:53.925 INFO [main] [stepDefinations.ValidateRegistation] [click_on_Register_in_home_page_to_land_on_secure_Registration_page] [stepDefinations.ValidateRegistation.click_on_Register_in_home_page_to_land_on_secure_Registration_page(ValidateRegistation.java:39)] - clicking on register button
2020-04-09 13:23:54.807 INFO [main] [stepDefinations.ValidateRegistation] [click_on_Register_in_home_page_to_land_on_secure_Registration_page] [stepDefinations.ValidateRegistation.click_on_Register_in_home_page_to_land_on_secure_Registration_page(ValidateRegistation.java:41)] - navigated to register page successfully
2020-04-09 13:23:56.019 DEBUG [main] [stepDefinations.ValidateRegistation] [user_enters_registration_details_and_clicks_on_Register] [stepDefinations.ValidateRegistation.user_enters_registration_details_and_clicks_on_Register(ValidateRegistation.java:56)] - entering the registation details
2020-04-09 13:23:58.688 INFO [main] [stepDefinations.ValidateRegistation] [user_enters_registration_details_and_clicks_on_Register] [stepDefinations.ValidateRegistation.user_enters_registration_details_and_clicks_on_Register(ValidateRegistation.java:58)] - the details are submitted successfully
2020-04-09 13:23:58.821 ERROR [main] [stepDefinations.ValidateRegistation] [verify_that_user_is_able_register_or_not] [stepDefinations.ValidateRegistation.verify_that_user_is_able_register_or_not(ValidateRegistation.java:68)] -  the specified email is already exist
2020-04-09 13:23:58.822 DEBUG [main] [stepDefinations.ValidateRegistation] [verify_that_user_is_able_register_or_not] [stepDefinations.ValidateRegistation.verify_that_user_is_able_register_or_not(ValidateRegistation.java:72)] - taking screenshot
2020-04-09 13:23:59.263 INFO [main] [stepDefinations.ValidateRegistation] [verify_that_user_is_able_register_or_not] [stepDefinations.ValidateRegistation.verify_that_user_is_able_register_or_not(ValidateRegistation.java:74)] - the image screen shot taken successfully
2020-04-09 13:23:59.359 INFO [main] [stepDefinations.ValidateRegistation] [application_should_be_closed] [stepDefinations.ValidateRegistation.application_should_be_closed(ValidateRegistation.java:81)] - application closed successfully
2020-04-09 13:23:59.387 DEBUG [main] [stepDefinations.ValidateLogin] [intialize_the_browser_with_chrome] [stepDefinations.ValidateLogin.intialize_the_browser_with_chrome(ValidateLogin.java:24)] - setting chrome driver property
2020-04-09 13:24:09.053 INFO [main] [stepDefinations.ValidateLogin] [intialize_the_browser_with_chrome] [stepDefinations.ValidateLogin.intialize_the_browser_with_chrome(ValidateLogin.java:26)] - chrome driver intialized successfully
2020-04-09 13:24:09.056 DEBUG [main] [stepDefinations.ValidateLogin] [user_enter_navigate_to_Home_Page] [stepDefinations.ValidateLogin.user_enter_navigate_to_Home_Page(ValidateLogin.java:32)] - hitting the demo web shop website url
2020-04-09 13:24:12.938 DEBUG [main] [stepDefinations.ValidateLogin] [click_on_login_in_home_page_to_land_on_secure_sign_in_page] [stepDefinations.ValidateLogin.click_on_login_in_home_page_to_land_on_secure_sign_in_page(ValidateLogin.java:40)] - clickig on login button
2020-04-09 13:24:14.072 INFO [main] [stepDefinations.ValidateLogin] [click_on_login_in_home_page_to_land_on_secure_sign_in_page] [stepDefinations.ValidateLogin.click_on_login_in_home_page_to_land_on_secure_sign_in_page(ValidateLogin.java:42)] - navigated to login page
2020-04-09 13:24:14.078 DEBUG [main] [stepDefinations.ValidateLogin] [user_enters_and_and_login] [stepDefinations.ValidateLogin.user_enters_and_and_login(ValidateLogin.java:48)] - entering the login details
2020-04-09 13:24:15.933 INFO [main] [stepDefinations.ValidateLogin] [user_enters_and_and_login] [stepDefinations.ValidateLogin.user_enters_and_and_login(ValidateLogin.java:52)] - login successfully
2020-04-09 13:24:16.136 DEBUG [main] [stepDefinations.ValidateLogin] [verify_that_user_is_successfully_login_or_not] [stepDefinations.ValidateLogin.verify_that_user_is_successfully_login_or_not(ValidateLogin.java:59)] - taking screenshot
2020-04-09 13:24:16.585 INFO [main] [stepDefinations.ValidateLogin] [verify_that_user_is_successfully_login_or_not] [stepDefinations.ValidateLogin.verify_that_user_is_successfully_login_or_not(ValidateLogin.java:61)] - the image screen shot taken successfully
2020-04-09 13:24:16.801 INFO [main] [stepDefinations.ValidateLogin] [application_should_be_closed] [stepDefinations.ValidateLogin.application_should_be_closed(ValidateLogin.java:68)] - application closed successfully
2020-04-09 13:24:16.810 DEBUG [main] [stepDefinations.ValidateTextAndImage] [intialize_the_browser_with_chrome] [stepDefinations.ValidateTextAndImage.intialize_the_browser_with_chrome(ValidateTextAndImage.java:23)] - setting chrome driver property
2020-04-09 13:24:26.479 INFO [main] [stepDefinations.ValidateTextAndImage] [intialize_the_browser_with_chrome] [stepDefinations.ValidateTextAndImage.intialize_the_browser_with_chrome(ValidateTextAndImage.java:25)] - chrome driver intialized successfully
2020-04-09 13:24:26.484 DEBUG [main] [stepDefinations.ValidateTextAndImage] [user_enter_navigated_to_home_page] [stepDefinations.ValidateTextAndImage.user_enter_navigated_to_home_page(ValidateTextAndImage.java:30)] - hitting the demo web shop website url
2020-04-09 13:24:30.374 INFO [main] [stepDefinations.ValidateTextAndImage] [user_enter_navigated_to_home_page] [stepDefinations.ValidateTextAndImage.user_enter_navigated_to_home_page(ValidateTextAndImage.java:32)] - landed on the home page
2020-04-09 13:24:30.490 DEBUG [main] [stepDefinations.ValidateTextAndImage] [verify_that_user_is_able_to_see_the_Feature_Products_text_is_present_in_the_home_page_or_not] [stepDefinations.ValidateTextAndImage.verify_that_user_is_able_to_see_the_Feature_Products_text_is_present_in_the_home_page_or_not(ValidateTextAndImage.java:40)] - validating specified text
2020-04-09 13:24:30.493 INFO [main] [stepDefinations.ValidateTextAndImage] [verify_that_user_is_able_to_see_the_Feature_Products_text_is_present_in_the_home_page_or_not] [stepDefinations.ValidateTextAndImage.verify_that_user_is_able_to_see_the_Feature_Products_text_is_present_in_the_home_page_or_not(ValidateTextAndImage.java:42)] - the specified text is present
2020-04-09 13:24:30.495 DEBUG [main] [stepDefinations.ValidateTextAndImage] [verify_that_user_is_able_to_see_the_demo_webshop_image_is_present_in_the_home_page_or_not] [stepDefinations.ValidateTextAndImage.verify_that_user_is_able_to_see_the_demo_webshop_image_is_present_in_the_home_page_or_not(ValidateTextAndImage.java:49)] - validating image
2020-04-09 13:24:30.562 INFO [main] [stepDefinations.ValidateTextAndImage] [verify_that_user_is_able_to_see_the_demo_webshop_image_is_present_in_the_home_page_or_not] [stepDefinations.ValidateTextAndImage.verify_that_user_is_able_to_see_the_demo_webshop_image_is_present_in_the_home_page_or_not(ValidateTextAndImage.java:51)] - the specified image is present
2020-04-09 13:24:30.563 DEBUG [main] [stepDefinations.ValidateTextAndImage] [verify_that_user_is_able_to_see_the_demo_webshop_image_is_present_in_the_home_page_or_not] [stepDefinations.ValidateTextAndImage.verify_that_user_is_able_to_see_the_demo_webshop_image_is_present_in_the_home_page_or_not(ValidateTextAndImage.java:52)] - taking screenshot
2020-04-09 13:24:31.116 INFO [main] [stepDefinations.ValidateTextAndImage] [verify_that_user_is_able_to_see_the_demo_webshop_image_is_present_in_the_home_page_or_not] [stepDefinations.ValidateTextAndImage.verify_that_user_is_able_to_see_the_demo_webshop_image_is_present_in_the_home_page_or_not(ValidateTextAndImage.java:54)] - the image screen shot taken successfully
2020-04-09 13:24:31.194 INFO [main] [stepDefinations.ValidateTextAndImage] [application_should_be_closed] [stepDefinations.ValidateTextAndImage.application_should_be_closed(ValidateTextAndImage.java:60)] - application closed successfully
2020-04-09 13:24:31.209 DEBUG [main] [stepDefinations.BookNavigationPages] [intialize_the_browser_with_chrome_driver] [stepDefinations.BookNavigationPages.intialize_the_browser_with_chrome_driver(BookNavigationPages.java:22)] - setting chrome driver property
2020-04-09 13:24:40.776 INFO [main] [stepDefinations.BookNavigationPages] [intialize_the_browser_with_chrome_driver] [stepDefinations.BookNavigationPages.intialize_the_browser_with_chrome_driver(BookNavigationPages.java:24)] - chrome driver intialized successfully
2020-04-09 13:24:40.778 DEBUG [main] [stepDefinations.BookNavigationPages] [user_enters_something_navigated_to_home_page] [stepDefinations.BookNavigationPages.user_enters_something_navigated_to_home_page(BookNavigationPages.java:29)] - hitting the demo web shop website url
2020-04-09 13:24:43.806 INFO [main] [stepDefinations.BookNavigationPages] [user_enters_something_navigated_to_home_page] [stepDefinations.BookNavigationPages.user_enters_something_navigated_to_home_page(BookNavigationPages.java:31)] - landed on the home page
2020-04-09 13:24:43.809 DEBUG [main] [stepDefinations.BookNavigationPages] [user_clicks_on_book_link] [stepDefinations.BookNavigationPages.user_clicks_on_book_link(BookNavigationPages.java:37)] - licking on book button
2020-04-09 13:24:45.296 INFO [main] [stepDefinations.BookNavigationPages] [user_clicks_on_book_link] [stepDefinations.BookNavigationPages.user_clicks_on_book_link(BookNavigationPages.java:39)] - navigated to book page successfully
2020-04-09 13:24:45.307 DEBUG [main] [stepDefinations.BookNavigationPages] [verify_that_user_is_able_to_navigated_to_webshop_book_page_or_not] [stepDefinations.BookNavigationPages.verify_that_user_is_able_to_navigated_to_webshop_book_page_or_not(BookNavigationPages.java:46)] - taking screenshot
2020-04-09 13:24:45.735 INFO [main] [stepDefinations.BookNavigationPages] [verify_that_user_is_able_to_navigated_to_webshop_book_page_or_not] [stepDefinations.BookNavigationPages.verify_that_user_is_able_to_navigated_to_webshop_book_page_or_not(BookNavigationPages.java:48)] - the image screen shot taken successfully
2020-04-09 13:24:45.889 INFO [main] [stepDefinations.BookNavigationPages] [application_should_be_closed] [stepDefinations.BookNavigationPages.application_should_be_closed(BookNavigationPages.java:53)] - application closed successfully
2020-04-09 13:24:45.898 DEBUG [main] [stepDefinations.BookNavigationPages] [intialize_The_browser_with_chrome_driver] [stepDefinations.ValidateSortByFiletr.intialize_The_browser_with_chrome_driver(ValidateSortByFiletr.java:17)] - setting chrome driver property
2020-04-09 13:24:55.338 INFO [main] [stepDefinations.BookNavigationPages] [intialize_The_browser_with_chrome_driver] [stepDefinations.ValidateSortByFiletr.intialize_The_browser_with_chrome_driver(ValidateSortByFiletr.java:19)] - chrome driver intialized successfully
2020-04-09 13:24:55.340 DEBUG [main] [stepDefinations.BookNavigationPages] [user_Enters_navigated_to_home_page] [stepDefinations.ValidateSortByFiletr.user_Enters_navigated_to_home_page(ValidateSortByFiletr.java:24)] - hitting the demo web shop website url
2020-04-09 13:24:57.988 INFO [main] [stepDefinations.BookNavigationPages] [user_Enters_navigated_to_home_page] [stepDefinations.ValidateSortByFiletr.user_Enters_navigated_to_home_page(ValidateSortByFiletr.java:26)] - landed on the home page
2020-04-09 13:24:57.992 DEBUG [main] [stepDefinations.BookNavigationPages] [user_clicks_on_digital_link] [stepDefinations.ValidateSortByFiletr.user_clicks_on_digital_link(ValidateSortByFiletr.java:33)] - licking on book button
2020-04-09 13:24:59.020 INFO [main] [stepDefinations.BookNavigationPages] [user_clicks_on_digital_link] [stepDefinations.ValidateSortByFiletr.user_clicks_on_digital_link(ValidateSortByFiletr.java:35)] - navigated to book page successfully
2020-04-09 13:24:59.022 DEBUG [main] [stepDefinations.BookNavigationPages] [selecting_low_to_high_price_filter_in_Sort_By_drop_down] [stepDefinations.ValidateSortByFiletr.selecting_low_to_high_price_filter_in_Sort_By_drop_down(ValidateSortByFiletr.java:41)] - selecting low to high price filter in sort by drop down
2020-04-09 13:24:59.845 INFO [main] [stepDefinations.BookNavigationPages] [selecting_low_to_high_price_filter_in_Sort_By_drop_down] [stepDefinations.ValidateSortByFiletr.selecting_low_to_high_price_filter_in_Sort_By_drop_down(ValidateSortByFiletr.java:43)] - the low to high price filter have been selected successfully
2020-04-09 13:24:59.857 DEBUG [main] [stepDefinations.BookNavigationPages] [veryfy_that_the_displayed_products_in_low_to_high_price_or_not] [stepDefinations.ValidateSortByFiletr.veryfy_that_the_displayed_products_in_low_to_high_price_or_not(ValidateSortByFiletr.java:52)] - now validating the  price filter
2020-04-09 13:24:59.858 ERROR [main] [stepDefinations.BookNavigationPages] [veryfy_that_the_displayed_products_in_low_to_high_price_or_not] [stepDefinations.ValidateSortByFiletr.veryfy_that_the_displayed_products_in_low_to_high_price_or_not(ValidateSortByFiletr.java:56)] - the products are not displaying in low to high price
2020-04-09 13:24:59.970 INFO [main] [stepDefinations.BookNavigationPages] [application_Should_Be_Closed] [stepDefinations.ValidateSortByFiletr.application_Should_Be_Closed(ValidateSortByFiletr.java:64)] - application closed successfully
